#
# There is insufficient memory for the Java Runtime Environment to continue.
# Native memory allocation (mmap) failed to map 132120576 bytes for G1 virtual space
# Possible reasons:
#   The system is out of physical RAM or swap space
#   The process is running with CompressedOops enabled, and the Java Heap may be blocking the growth of the native heap
# Possible solutions:
#   Reduce memory load on the system
#   Increase physical memory or swap space
#   Check if swap backing store is full
#   Decrease Java heap size (-Xmx/-Xms)
#   Decrease number of Java threads
#   Decrease Java thread stack sizes (-Xss)
#   Set larger code cache with -XX:ReservedCodeCacheSize=
#   JVM is running with Unscaled Compressed Oops mode in which the Java heap is
#     placed in the first 4GB address space. The Java Heap base address is the
#     maximum limit for the native heap growth. Please use -XX:HeapBaseMinAddress
#     to set the Java Heap base and to place the Java Heap above 4GB virtual address.
# This output file may be truncated or incomplete.
#
#  Out of Memory Error (os_windows.cpp:3552), pid=10988, tid=16524
#
# JRE version:  (17.0.9+11) (build )
# Java VM: Java HotSpot(TM) 64-Bit Server VM (17.0.9+11-LTS-201, mixed mode, sharing, tiered, compressed oops, compressed class ptrs, g1 gc, windows-amd64)
# No core dump will be written. Minidumps are not enabled by default on client versions of Windows
#

---------------  S U M M A R Y ------------

Command Line: -javaagent:C:\Program Files\JetBrains\IntelliJ IDEA Community Edition 2023.2.4\lib\idea_rt.jar=52039:C:\Program Files\JetBrains\IntelliJ IDEA Community Edition 2023.2.4\bin -Dfile.encoding=UTF-8 com.pfa.BackendPFA.BackendPfaApplication

Host: Intel(R) Core(TM) i5-8265U CPU @ 1.60GHz, 8 cores, 7G,  Windows 11 , 64 bit Build 22621 (10.0.22621.3235)
Time: Thu Mar 21 23:46:52 2024 Morocco Standard Time elapsed time: 0.024134 seconds (0d 0h 0m 0s)

---------------  T H R E A D  ---------------

Current thread (0x0000029001e6ce70):  JavaThread "Unknown thread" [_thread_in_vm, id=16524, stack(0x000000918a000000,0x000000918a100000)]

Stack: [0x000000918a000000,0x000000918a100000]
Native frames: (J=compiled Java code, j=interpreted, Vv=VM code, C=native code)
V  [jvm.dll+0x678a4a]
V  [jvm.dll+0x7d9cfd]
V  [jvm.dll+0x7db60e]
V  [jvm.dll+0x7dbc73]
V  [jvm.dll+0x245e1f]
V  [jvm.dll+0x6758f9]
V  [jvm.dll+0x66a2a2]
V  [jvm.dll+0x303686]
V  [jvm.dll+0x30ac06]
V  [jvm.dll+0x35a48e]
V  [jvm.dll+0x35a6bf]
V  [jvm.dll+0x2da678]
V  [jvm.dll+0x2db5e4]
V  [jvm.dll+0x7ab6b1]
V  [jvm.dll+0x368041]
V  [jvm.dll+0x78a749]
V  [jvm.dll+0x3ebd4f]
V  [jvm.dll+0x3ed7d1]
C  [jli.dll+0x5297]
C  [ucrtbase.dll+0x29363]
C  [KERNEL32.DLL+0x1257d]
C  [ntdll.dll+0x5aa58]


---------------  P R O C E S S  ---------------

Threads class SMR info:
_java_thread_list=0x00007ff9d10b89d8, length=0, elements={
}

Java Threads: ( => current thread )

Other Threads:
  0x0000029001ec7180 GCTaskThread "GC Thread#0" [stack: 0x000000918a100000,0x000000918a200000] [id=17536]
  0x0000029001ed9cf0 ConcurrentGCThread "G1 Main Marker" [stack: 0x000000918a200000,0x000000918a300000] [id=8180]
  0x0000029001edaeb0 ConcurrentGCThread "G1 Conc#0" [stack: 0x000000918a300000,0x000000918a400000] [id=16868]

[error occurred during error reporting (printing all threads), id 0xc0000005, EXCEPTION_ACCESS_VIOLATION (0xc0000005) at pc=0x00007ff9d08eb2d7]

VM state: not at safepoint (not fully initialized)

VM Mutex/Monitor currently owned by a thread:  ([mutex/lock_event])
[0x0000029001e68810] Heap_lock - owner thread: 0x0000029001e6ce70

Heap address: 0x0000000082000000, size: 2016 MB, Compressed Oops mode: 32-bit

CDS archive(s) mapped at: [0x0000000000000000-0x0000000000000000-0x0000000000000000), size 0, SharedBaseAddress: 0x0000000800000000, ArchiveRelocationMode: 1.
Narrow klass base: 0x0000000000000000, Narrow klass shift: 0, Narrow klass range: 0x0

GC Precious Log:
<Empty>

Heap:
 garbage-first heap   total 0K, used 0K [0x0000000082000000, 0x0000000100000000)
  region size 1024K, 0 young (0K), 0 survivors (0K)

[error occurred during error reporting (printing heap information), id 0xc0000005, EXCEPTION_ACCESS_VIOLATION (0xc0000005) at pc=0x00007ff9d0cd2229]

GC Heap History (0 events):
No events

Deoptimization events (0 events):
No events

Classes unloaded (0 events):
No events

Classes redefined (0 events):
No events

Internal exceptions (0 events):
No events

VM Operations (0 events):
No events

Events (1 events):
Event: 0.017 Loaded shared library C:\Program Files\Java\jdk-17\bin\java.dll


Dynamic libraries:
0x00007ff6ca430000 - 0x00007ff6ca440000 	C:\Program Files\Java\jdk-17\bin\java.exe
0x00007ffa2a6d0000 - 0x00007ffa2a8e6000 	C:\WINDOWS\SYSTEM32\ntdll.dll
0x00007ffa296c0000 - 0x00007ffa29784000 	C:\WINDOWS\System32\KERNEL32.DLL
0x00007ffa27a10000 - 0x00007ffa27db6000 	C:\WINDOWS\System32\KERNELBASE.dll
0x00007ffa27f30000 - 0x00007ffa28041000 	C:\WINDOWS\System32\ucrtbase.dll
0x00007ff9dfe90000 - 0x00007ff9dfeab000 	C:\Program Files\Java\jdk-17\bin\VCRUNTIME140.dll
0x00007ff9df480000 - 0x00007ff9df499000 	C:\Program Files\Java\jdk-17\bin\jli.dll
0x00007ffa293e0000 - 0x00007ffa29492000 	C:\WINDOWS\System32\ADVAPI32.dll
0x00007ffa28430000 - 0x00007ffa284d7000 	C:\WINDOWS\System32\msvcrt.dll
0x00007ffa28ce0000 - 0x00007ffa28d88000 	C:\WINDOWS\System32\sechost.dll
0x00007ffa28230000 - 0x00007ffa28258000 	C:\WINDOWS\System32\bcrypt.dll
0x00007ffa284e0000 - 0x00007ffa285f5000 	C:\WINDOWS\System32\RPCRT4.dll
0x00007ffa29120000 - 0x00007ffa292cd000 	C:\WINDOWS\System32\USER32.dll
0x00007ffa28260000 - 0x00007ffa28286000 	C:\WINDOWS\System32\win32u.dll
0x00007ffa10c30000 - 0x00007ffa10ec3000 	C:\WINDOWS\WinSxS\amd64_microsoft.windows.common-controls_6595b64144ccf1df_6.0.22621.3235_none_270f74e173860f98\COMCTL32.dll
0x00007ffa28e70000 - 0x00007ffa28e99000 	C:\WINDOWS\System32\GDI32.dll
0x00007ffa28110000 - 0x00007ffa28228000 	C:\WINDOWS\System32\gdi32full.dll
0x00007ffa28310000 - 0x00007ffa283aa000 	C:\WINDOWS\System32\msvcp_win.dll
0x00007ffa1d460000 - 0x00007ffa1d46a000 	C:\WINDOWS\SYSTEM32\VERSION.dll
0x00007ffa28a10000 - 0x00007ffa28a41000 	C:\WINDOWS\System32\IMM32.DLL
0x00007ff9dfbd0000 - 0x00007ff9dfbdc000 	C:\Program Files\Java\jdk-17\bin\vcruntime140_1.dll
0x00007ff9d4fd0000 - 0x00007ff9d505e000 	C:\Program Files\Java\jdk-17\bin\msvcp140.dll
0x00007ff9d0600000 - 0x00007ff9d11e1000 	C:\Program Files\Java\jdk-17\bin\server\jvm.dll
0x00007ffa29c10000 - 0x00007ffa29c18000 	C:\WINDOWS\System32\PSAPI.DLL
0x00007ffa20750000 - 0x00007ffa20784000 	C:\WINDOWS\SYSTEM32\WINMM.dll
0x00007ff9e1660000 - 0x00007ff9e1669000 	C:\WINDOWS\SYSTEM32\WSOCK32.dll
0x00007ffa290a0000 - 0x00007ffa29111000 	C:\WINDOWS\System32\WS2_32.dll
0x00007ffa26a10000 - 0x00007ffa26a28000 	C:\WINDOWS\SYSTEM32\kernel.appcore.dll
0x00007ff9df8b0000 - 0x00007ff9df8ba000 	C:\Program Files\Java\jdk-17\bin\jimage.dll
0x00007ffa17e20000 - 0x00007ffa18053000 	C:\WINDOWS\SYSTEM32\DBGHELP.DLL
0x00007ffa28600000 - 0x00007ffa28988000 	C:\WINDOWS\System32\combase.dll
0x00007ffa28d90000 - 0x00007ffa28e67000 	C:\WINDOWS\System32\OLEAUT32.dll
0x00007ffa12610000 - 0x00007ffa12642000 	C:\WINDOWS\SYSTEM32\dbgcore.DLL
0x00007ffa28290000 - 0x00007ffa2830a000 	C:\WINDOWS\System32\bcryptPrimitives.dll
0x00007ffa1e540000 - 0x00007ffa1e54e000 	C:\Program Files\Java\jdk-17\bin\instrument.dll
0x00007ff9d5d20000 - 0x00007ff9d5d45000 	C:\Program Files\Java\jdk-17\bin\java.dll

dbghelp: loaded successfully - version: 4.0.5 - missing functions: none
symbol engine: initialized successfully - sym options: 0x614 - pdb path: .;C:\Program Files\Java\jdk-17\bin;C:\WINDOWS\SYSTEM32;C:\WINDOWS\WinSxS\amd64_microsoft.windows.common-controls_6595b64144ccf1df_6.0.22621.3235_none_270f74e173860f98;C:\Program Files\Java\jdk-17\bin\server

VM Arguments:
jvm_args: -javaagent:C:\Program Files\JetBrains\IntelliJ IDEA Community Edition 2023.2.4\lib\idea_rt.jar=52039:C:\Program Files\JetBrains\IntelliJ IDEA Community Edition 2023.2.4\bin -Dfile.encoding=UTF-8 
java_command: com.pfa.BackendPFA.BackendPfaApplication
java_class_path (initial): D:\BackendPFA\target\classes;C:\Users\PC\.m2\repository\org\springframework\boot\spring-boot-starter-oauth2-resource-server\3.2.4\spring-boot-starter-oauth2-resource-server-3.2.4.jar;C:\Users\PC\.m2\repository\org\springframework\boot\spring-boot-starter\3.2.4\spring-boot-starter-3.2.4.jar;C:\Users\PC\.m2\repository\org\springframework\boot\spring-boot\3.2.4\spring-boot-3.2.4.jar;C:\Users\PC\.m2\repository\org\springframework\boot\spring-boot-autoconfigure\3.2.4\spring-boot-autoconfigure-3.2.4.jar;C:\Users\PC\.m2\repository\org\springframework\boot\spring-boot-starter-logging\3.2.4\spring-boot-starter-logging-3.2.4.jar;C:\Users\PC\.m2\repository\ch\qos\logback\logback-classic\1.4.14\logback-classic-1.4.14.jar;C:\Users\PC\.m2\repository\ch\qos\logback\logback-core\1.4.14\logback-core-1.4.14.jar;C:\Users\PC\.m2\repository\org\apache\logging\log4j\log4j-to-slf4j\2.21.1\log4j-to-slf4j-2.21.1.jar;C:\Users\PC\.m2\repository\org\apache\logging\log4j\log4j-api\2.21.1\log4j-api-2.21.1.jar;C:\Users\PC\.m2\repository\org\slf4j\jul-to-slf4j\2.0.12\jul-to-slf4j-2.0.12.jar;C:\Users\PC\.m2\repository\jakarta\annotation\jakarta.annotation-api\2.1.1\jakarta.annotation-api-2.1.1.jar;C:\Users\PC\.m2\repository\org\yaml\snakeyaml\2.2\snakeyaml-2.2.jar;C:\Users\PC\.m2\repository\org\springframework\security\spring-security-config\6.2.3\spring-security-config-6.2.3.jar;C:\Users\PC\.m2\repository\org\springframework\spring-aop\6.1.5\spring-aop-6.1.5.jar;C:\Users\PC\.m2\repository\org\springframework\spring-beans\6.1.5\spring-beans-6.1.5.jar;C:\Users\PC\.m2\repository\org\springframework\spring-context\6.1.5\spring-context-6.1.5.jar;C:\Users\PC\.m2\repository\org\springframework\security\spring-security-core\6.2.3\spring-security-core-6.2.3.jar;C:\Users\PC\.m2\repository\org\springframework\security\spring-security-crypto\6.2.3\spring-security-crypto-6.2.3.jar;C:\Users\PC\.m2\repository\org\springframework\spring-expression\6.1.5\spring-expression-6.1.5.jar;C:\
Launcher Type: SUN_STANDARD

[Global flags]
     intx CICompilerCount                          = 4                                         {product} {ergonomic}
     uint ConcGCThreads                            = 2                                         {product} {ergonomic}
     uint G1ConcRefinementThreads                  = 8                                         {product} {ergonomic}
   size_t G1HeapRegionSize                         = 1048576                                   {product} {ergonomic}
    uintx GCDrainStackTargetSize                   = 64                                        {product} {ergonomic}
   size_t InitialHeapSize                          = 132120576                                 {product} {ergonomic}
   size_t MarkStackSize                            = 4194304                                   {product} {ergonomic}
   size_t MaxHeapSize                              = 2113929216                                {product} {ergonomic}
   size_t MinHeapDeltaBytes                        = 1048576                                   {product} {ergonomic}
   size_t MinHeapSize                              = 8388608                                   {product} {ergonomic}
    uintx NonNMethodCodeHeapSize                   = 5839372                                {pd product} {ergonomic}
    uintx NonProfiledCodeHeapSize                  = 122909434                              {pd product} {ergonomic}
    uintx ProfiledCodeHeapSize                     = 122909434                              {pd product} {ergonomic}
    uintx ReservedCodeCacheSize                    = 251658240                              {pd product} {ergonomic}
     bool SegmentedCodeCache                       = true                                      {product} {ergonomic}
   size_t SoftMaxHeapSize                          = 2113929216                             {manageable} {ergonomic}
     bool UseCompressedClassPointers               = true                           {product lp64_product} {ergonomic}
     bool UseCompressedOops                        = true                           {product lp64_product} {ergonomic}
     bool UseG1GC                                  = true                                      {product} {ergonomic}
     bool UseLargePagesIndividualAllocation        = false                                  {pd product} {ergonomic}

Logging:
Log output configuration:
 #0: stdout all=warning uptime,level,tags
 #1: stderr all=off uptime,level,tags

Environment Variables:
JAVA_HOME=C:\Program Files\Java\jdk-17
PATH=D:\WINDOWS.X64_193000_db_home\bin;C:\Program Files\Common Files\Oracle\Java\javapath;C:\WINDOWS\system32;C:\WINDOWS;C:\WINDOWS\System32\Wbem;C:\WINDOWS\System32\WindowsPowerShell\v1.0\;C:\WINDOWS\System32\OpenSSH\;C:\MinGW\bin;C:\ProgramData\chocolatey\bin;C:\Program Files\Git\cmd;C:\Program Files (x86)\Microchip\MPLAB C32 Suite\bin;C:\Program Files\dotnet\;C:\xampp\php;C:\ProgramData\ComposerSetup\bin;C:\Program Files\Microsoft SQL Server\150\Tools\Binn\;C:\Program Files\Microsoft SQL Server\Client SDK\ODBC\170\Tools\Binn\;C:\Program Files\Java\jdk-17\bin;C:\Program Files\MySQL\MySQL Shell 8.0\bin;C:\Program Files (x86)\Microsoft SQL Server\160\Tools\Binn\;C:\Program Files\Microsoft SQL Server\160\Tools\Binn\;C:\Program Files\Microsoft SQL Server\160\DTS\Binn\;C:\Program Files\Docker\Docker\resources\bin;C:\Program Files\nodejs\;C:\Users\PC\AppData\Local\Microsoft\WindowsApps;;C:\Users\PC\AppData\Local\Programs\Microsoft VS Code\bin;C:\Users\PC\AppData\Roaming\Composer\vendor\bin;C:\Program Files\JetBrains\IntelliJ IDEA Community Edition 2023.2.4\bin;;C:\Users\PC\AppData\Roaming\npm
USERNAME=PC
OS=Windows_NT
PROCESSOR_IDENTIFIER=Intel64 Family 6 Model 142 Stepping 11, GenuineIntel



---------------  S Y S T E M  ---------------

OS:
 Windows 11 , 64 bit Build 22621 (10.0.22621.3235)
OS uptime: 0 days 0:31 hours
Hyper-V role detected

CPU: total 8 (initial active 8) (4 cores per cpu, 2 threads per core) family 6 model 142 stepping 11 microcode 0xec, cx8, cmov, fxsr, ht, mmx, 3dnowpref, sse, sse2, sse3, ssse3, sse4.1, sse4.2, popcnt, lzcnt, tsc, tscinvbit, avx, avx2, aes, erms, clmul, bmi1, bmi2, adx, fma, vzeroupper, clflush, clflushopt, hv

Memory: 4k page, system-wide physical 8062M (530M free)
TotalPageFile size 14535M (AvailPageFile size 44M)
current process WorkingSet (physical memory assigned to process): 11M, peak: 11M
current process commit charge ("private bytes"): 60M, peak: 186M

vm_info: Java HotSpot(TM) 64-Bit Server VM (17.0.9+11-LTS-201) for windows-amd64 JRE (17.0.9+11-LTS-201), built on Oct 10 2023 23:16:06 by "mach5one" with MS VC++ 17.1 (VS2022)

END.
